killeroo-gold_kdtree_volpath.pbrt
vie 12 may 14:19:24 CST 2023
killeroo-gold_bvh_volpath.pbrt
vie 12 may 14:29:34 CST 2023
dragon_10_bvh_volpath.pbrt
vie 12 may 14:36:31 CST 2023
vw-van_bvh_volpath.pbrt
vie 12 may 14:48:36 CST 2023
killeroo-gold_kdtree_path.pbrt
vie 12 may 15:01:16 CST 2023
vw-van_bvh_path.pbrt
vie 12 may 15:11:11 CST 2023
vw-van_kdtree_path.pbrt
vie 12 may 15:23:30 CST 2023
pavilion-day_bvh_path.pbrt
vie 12 may 15:38:41 CST 2023
dragon_10_bvh_path.pbrt
vie 12 may 16:00:56 CST 2023
pavilion-day_kdtree_volpath.pbrt
vie 12 may 16:12:45 CST 2023
dragon_10_kdtree_volpath.pbrt
vie 12 may 16:37:15 CST 2023
dragon_10_kdtree_path.pbrt
vie 12 may 17:08:05 CST 2023
killeroo-gold_bvh_path.pbrt
vie 12 may 17:37:41 CST 2023
pavilion-day_kdtree_path.pbrt
vie 12 may 17:44:28 CST 2023
vw-van_kdtree_volpath.pbrt
vie 12 may 18:06:08 CST 2023
pavilion-day_bvh_volpath.pbrt
vie 12 may 18:21:49 CST 2023
